                                      1 ;--------------------------------------------------------
                                      2 ; File Created by SDCC : free open source ANSI-C Compiler
                                      3 ; Version 4.1.6 #12539 (MINGW32)
                                      4 ;--------------------------------------------------------
                                      5 	.module Parallax
                                      6 	.optsdcc -mgbz80
                                      7 	
                                      8 ;--------------------------------------------------------
                                      9 ; Public variables in this module
                                     10 ;--------------------------------------------------------
                                     11 	.globl _main
                                     12 	.globl _DMA
                                     13 	.globl _memcpy
                                     14 	.globl _cpu_fast
                                     15 	.globl _set_bkg_palette_entry
                                     16 	.globl _set_bkg_submap
                                     17 	.globl _set_bkg_data
                                     18 	.globl _set_interrupts
                                     19 	.globl _joypad
                                     20 	.globl _add_VBL
                                     21 	.globl _halfTileY
                                     22 	.globl _scrollYCompare2
                                     23 	.globl _scrollYCompare
                                     24 	.globl _scrollY
                                     25 	.globl _scrollXCompare
                                     26 	.globl _scrollX
                                     27 	.globl _dynamicMapAddress2
                                     28 	.globl _dynamicMapAddress
                                     29 	.globl _YVelocity
                                     30 	.globl _isAHeld
                                     31 	.globl _tileAddress3
                                     32 	.globl _tileAddress2
                                     33 	.globl _tileAddress
                                     34 	.globl _shadowMapAddress
                                     35 	.globl _spriteMapAddress
                                     36 	.globl _downshiftedSpriteY
                                     37 	.globl _downshiftedSpriteX
                                     38 	.globl _spriteY
                                     39 	.globl _spriteX
                                     40 	.globl _lastSpriteY
                                     41 	.globl _lastSpriteX
                                     42 	.globl _getTile
                                     43 	.globl _joyState
                                     44 	.globl _timer2
                                     45 	.globl _timer
                                     46 	.globl _GraphicsOffsetX
                                     47 	.globl _GraphicsOffset
                                     48 	.globl _scrollLookupTable
                                     49 	.globl _DMAInit
                                     50 ;--------------------------------------------------------
                                     51 ; special function registers
                                     52 ;--------------------------------------------------------
                                     53 ;--------------------------------------------------------
                                     54 ; ram data
                                     55 ;--------------------------------------------------------
                                     56 	.area _DATA
      000000                         57 _GraphicsOffset::
      000000                         58 	.ds 1
      000001                         59 _GraphicsOffsetX::
      000001                         60 	.ds 1
      000002                         61 _timer::
      000002                         62 	.ds 1
      000003                         63 _timer2::
      000003                         64 	.ds 1
      000004                         65 _joyState::
      000004                         66 	.ds 1
      000005                         67 _getTile::
      000005                         68 	.ds 1
      000006                         69 _lastSpriteX::
      000006                         70 	.ds 2
      000008                         71 _lastSpriteY::
      000008                         72 	.ds 2
      00000A                         73 _spriteX::
      00000A                         74 	.ds 2
      00000C                         75 _spriteY::
      00000C                         76 	.ds 2
      00000E                         77 _downshiftedSpriteX::
      00000E                         78 	.ds 2
      000010                         79 _downshiftedSpriteY::
      000010                         80 	.ds 1
      000011                         81 _spriteMapAddress::
      000011                         82 	.ds 2
      000013                         83 _shadowMapAddress::
      000013                         84 	.ds 2
      000015                         85 _tileAddress::
      000015                         86 	.ds 2
      000017                         87 _tileAddress2::
      000017                         88 	.ds 2
      000019                         89 _tileAddress3::
      000019                         90 	.ds 2
      00001B                         91 _isAHeld::
      00001B                         92 	.ds 1
      00001C                         93 _YVelocity::
      00001C                         94 	.ds 1
      00001D                         95 _dynamicMapAddress::
      00001D                         96 	.ds 2
      00001F                         97 _dynamicMapAddress2::
      00001F                         98 	.ds 2
      000021                         99 _scrollX::
      000021                        100 	.ds 2
      000023                        101 _scrollXCompare::
      000023                        102 	.ds 2
      000025                        103 _scrollY::
      000025                        104 	.ds 2
      000027                        105 _scrollYCompare::
      000027                        106 	.ds 2
      000029                        107 _scrollYCompare2::
      000029                        108 	.ds 2
      00002B                        109 _halfTileY::
      00002B                        110 	.ds 1
                                    111 ;--------------------------------------------------------
                                    112 ; ram data
                                    113 ;--------------------------------------------------------
                                    114 	.area _INITIALIZED
                                    115 ;--------------------------------------------------------
                                    116 ; absolute external ram data
                                    117 ;--------------------------------------------------------
                                    118 	.area _DABS (ABS)
                                    119 ;--------------------------------------------------------
                                    120 ; global & static initialisations
                                    121 ;--------------------------------------------------------
                                    122 	.area _HOME
                                    123 	.area _GSINIT
                                    124 	.area _GSFINAL
                                    125 	.area _GSINIT
                                    126 ;--------------------------------------------------------
                                    127 ; Home
                                    128 ;--------------------------------------------------------
                                    129 	.area _HOME
                                    130 ;Parallax.c:64: void main() NONBANKED
                                    131 ;	---------------------------------
                                    132 ; Function main
                                    133 ; ---------------------------------
      000000                        134 _main::
      000000 E8 FB                  135 	add	sp, #-5
                                    136 ;Parallax.c:66: if (DEVICE_SUPPORTS_COLOR)
      000002 FAr00r00               137 	ld	a, (#__cpu)
      000005 D6 11                  138 	sub	a, #0x11
      000007 20 05                  139 	jr	NZ, 00102$
                                    140 ;Parallax.c:67: cpu_fast();
      000009 CDr00r00               141 	call	_cpu_fast
      00000C 18 02                  142 	jr	00106$
                                    143 ;Parallax.c:70: while(1)
      00000E                        144 00102$:
      00000E 18 FE                  145 	jr	00102$
      000010                        146 00106$:
                                    147 ;Parallax.c:74: NR52_REG = 0x80;
      000010 3E 80                  148 	ld	a, #0x80
      000012 E0r00                  149 	ldh	(_NR52_REG + 0), a
                                    150 ;Parallax.c:75: NR51_REG = 0xFF;
      000014 3E FF                  151 	ld	a, #0xff
      000016 E0r00                  152 	ldh	(_NR51_REG + 0), a
                                    153 ;Parallax.c:76: NR50_REG = 0x77;
      000018 3E 77                  154 	ld	a, #0x77
      00001A E0r00                  155 	ldh	(_NR50_REG + 0), a
                                    156 ;Parallax.c:77: set_bkg_palette_entry(0,0,TreeBaseTilesCGBPal0c0);
      00001C 11 20 47               157 	ld	de, #0x4720
      00001F D5                     158 	push	de
      000020 AF                     159 	xor	a, a
      000021 0F                     160 	rrca
      000022 F5                     161 	push	af
      000023 CDr00r00               162 	call	_set_bkg_palette_entry
      000026 E8 04                  163 	add	sp, #4
                                    164 ;Parallax.c:78: set_bkg_palette_entry(0,1,TreeBaseTilesCGBPal0c1);
      000028 11 60 52               165 	ld	de, #0x5260
      00002B D5                     166 	push	de
      00002C AF                     167 	xor	a, a
      00002D 3C                     168 	inc	a
      00002E F5                     169 	push	af
      00002F CDr00r00               170 	call	_set_bkg_palette_entry
      000032 E8 04                  171 	add	sp, #4
                                    172 ;Parallax.c:79: set_bkg_palette_entry(0,2,TreeBaseTilesCGBPal0c2);
      000034 11 E1 40               173 	ld	de, #0x40e1
      000037 D5                     174 	push	de
      000038 21 00 02               175 	ld	hl, #0x200
      00003B E5                     176 	push	hl
      00003C CDr00r00               177 	call	_set_bkg_palette_entry
      00003F E8 04                  178 	add	sp, #4
                                    179 ;Parallax.c:80: set_bkg_palette_entry(0,3,TreeBaseTilesCGBPal0c3);
      000041 11 00 00               180 	ld	de, #0x0000
      000044 D5                     181 	push	de
      000045 21 00 03               182 	ld	hl, #0x300
      000048 E5                     183 	push	hl
      000049 CDr00r00               184 	call	_set_bkg_palette_entry
      00004C E8 04                  185 	add	sp, #4
                                    186 ;Parallax.c:81: set_bkg_palette_entry(1,0,TreeBaseTilesCGBPal1c0);
      00004E 11 ED 77               187 	ld	de, #0x77ed
      000051 D5                     188 	push	de
      000052 21 01 00               189 	ld	hl, #0x01
      000055 E5                     190 	push	hl
      000056 CDr00r00               191 	call	_set_bkg_palette_entry
      000059 E8 04                  192 	add	sp, #4
                                    193 ;Parallax.c:82: set_bkg_palette_entry(1,1,TreeBaseTilesCGBPal1c1);
      00005B 11 80 4B               194 	ld	de, #0x4b80
      00005E D5                     195 	push	de
      00005F 21 01 01               196 	ld	hl, #0x101
      000062 E5                     197 	push	hl
      000063 CDr00r00               198 	call	_set_bkg_palette_entry
      000066 E8 04                  199 	add	sp, #4
                                    200 ;Parallax.c:83: set_bkg_palette_entry(1,2,TreeBaseTilesCGBPal1c2);
      000068 11 A1 31               201 	ld	de, #0x31a1
      00006B D5                     202 	push	de
      00006C 21 01 02               203 	ld	hl, #0x201
      00006F E5                     204 	push	hl
      000070 CDr00r00               205 	call	_set_bkg_palette_entry
      000073 E8 04                  206 	add	sp, #4
                                    207 ;Parallax.c:84: set_bkg_palette_entry(1,3,TreeBaseTilesCGBPal1c3);
      000075 11 00 00               208 	ld	de, #0x0000
      000078 D5                     209 	push	de
      000079 21 01 03               210 	ld	hl, #0x301
      00007C E5                     211 	push	hl
      00007D CDr00r00               212 	call	_set_bkg_palette_entry
      000080 E8 04                  213 	add	sp, #4
                                    214 ;Parallax.c:85: set_bkg_palette_entry(2,0,TreeBaseTilesCGBPal2c0);
      000082 11 BC 17               215 	ld	de, #0x17bc
      000085 D5                     216 	push	de
      000086 21 02 00               217 	ld	hl, #0x02
      000089 E5                     218 	push	hl
      00008A CDr00r00               219 	call	_set_bkg_palette_entry
      00008D E8 04                  220 	add	sp, #4
                                    221 ;Parallax.c:86: set_bkg_palette_entry(2,1,TreeBaseTilesCGBPal2c1);
      00008F 11 E7 22               222 	ld	de, #0x22e7
      000092 D5                     223 	push	de
      000093 21 02 01               224 	ld	hl, #0x102
      000096 E5                     225 	push	hl
      000097 CDr00r00               226 	call	_set_bkg_palette_entry
      00009A E8 04                  227 	add	sp, #4
                                    228 ;Parallax.c:87: set_bkg_palette_entry(2,2,TreeBaseTilesCGBPal2c2);
      00009C 11 C4 19               229 	ld	de, #0x19c4
      00009F D5                     230 	push	de
      0000A0 21 02 02               231 	ld	hl, #0x202
      0000A3 E5                     232 	push	hl
      0000A4 CDr00r00               233 	call	_set_bkg_palette_entry
      0000A7 E8 04                  234 	add	sp, #4
                                    235 ;Parallax.c:88: set_bkg_palette_entry(2,3,TreeBaseTilesCGBPal2c3);
      0000A9 11 E0 14               236 	ld	de, #0x14e0
      0000AC D5                     237 	push	de
      0000AD 21 02 03               238 	ld	hl, #0x302
      0000B0 E5                     239 	push	hl
      0000B1 CDr00r00               240 	call	_set_bkg_palette_entry
      0000B4 E8 04                  241 	add	sp, #4
                                    242 ;Parallax.c:89: set_bkg_palette_entry(3,0,TreeBaseTilesCGBPal3c0);
      0000B6 11 BC 17               243 	ld	de, #0x17bc
      0000B9 D5                     244 	push	de
      0000BA 21 03 00               245 	ld	hl, #0x03
      0000BD E5                     246 	push	hl
      0000BE CDr00r00               247 	call	_set_bkg_palette_entry
      0000C1 E8 04                  248 	add	sp, #4
                                    249 ;Parallax.c:90: set_bkg_palette_entry(3,1,TreeBaseTilesCGBPal3c1);
      0000C3 11 E7 22               250 	ld	de, #0x22e7
      0000C6 D5                     251 	push	de
      0000C7 21 03 01               252 	ld	hl, #0x103
      0000CA E5                     253 	push	hl
      0000CB CDr00r00               254 	call	_set_bkg_palette_entry
      0000CE E8 04                  255 	add	sp, #4
                                    256 ;Parallax.c:91: set_bkg_palette_entry(3,2,TreeBaseTilesCGBPal3c2);
      0000D0 11 C4 19               257 	ld	de, #0x19c4
      0000D3 D5                     258 	push	de
      0000D4 21 03 02               259 	ld	hl, #0x203
      0000D7 E5                     260 	push	hl
      0000D8 CDr00r00               261 	call	_set_bkg_palette_entry
      0000DB E8 04                  262 	add	sp, #4
                                    263 ;Parallax.c:92: set_bkg_palette_entry(3,3,TreeBaseTilesCGBPal3c3);
      0000DD 11 E0 14               264 	ld	de, #0x14e0
      0000E0 D5                     265 	push	de
      0000E1 21 03 03               266 	ld	hl, #0x303
      0000E4 E5                     267 	push	hl
      0000E5 CDr00r00               268 	call	_set_bkg_palette_entry
      0000E8 E8 04                  269 	add	sp, #4
                                    270 ;Parallax.c:93: set_bkg_palette_entry(4,0,TreeBaseTilesCGBPal4c0);
      0000EA 11 BC 17               271 	ld	de, #0x17bc
      0000ED D5                     272 	push	de
      0000EE 21 04 00               273 	ld	hl, #0x04
      0000F1 E5                     274 	push	hl
      0000F2 CDr00r00               275 	call	_set_bkg_palette_entry
      0000F5 E8 04                  276 	add	sp, #4
                                    277 ;Parallax.c:94: set_bkg_palette_entry(4,1,TreeBaseTilesCGBPal4c1);
      0000F7 11 E7 22               278 	ld	de, #0x22e7
      0000FA D5                     279 	push	de
      0000FB 21 04 01               280 	ld	hl, #0x104
      0000FE E5                     281 	push	hl
      0000FF CDr00r00               282 	call	_set_bkg_palette_entry
      000102 E8 04                  283 	add	sp, #4
                                    284 ;Parallax.c:95: set_bkg_palette_entry(4,2,TreeBaseTilesCGBPal4c2);
      000104 11 C4 19               285 	ld	de, #0x19c4
      000107 D5                     286 	push	de
      000108 21 04 02               287 	ld	hl, #0x204
      00010B E5                     288 	push	hl
      00010C CDr00r00               289 	call	_set_bkg_palette_entry
      00010F E8 04                  290 	add	sp, #4
                                    291 ;Parallax.c:96: set_bkg_palette_entry(4,3,TreeBaseTilesCGBPal4c3);
      000111 11 E0 14               292 	ld	de, #0x14e0
      000114 D5                     293 	push	de
      000115 21 04 03               294 	ld	hl, #0x304
      000118 E5                     295 	push	hl
      000119 CDr00r00               296 	call	_set_bkg_palette_entry
      00011C E8 04                  297 	add	sp, #4
                                    298 ;Parallax.c:97: set_bkg_palette_entry(5,0,TreeBaseTilesCGBPal5c0);
      00011E 11 BC 17               299 	ld	de, #0x17bc
      000121 D5                     300 	push	de
      000122 21 05 00               301 	ld	hl, #0x05
      000125 E5                     302 	push	hl
      000126 CDr00r00               303 	call	_set_bkg_palette_entry
      000129 E8 04                  304 	add	sp, #4
                                    305 ;Parallax.c:98: set_bkg_palette_entry(5,1,TreeBaseTilesCGBPal5c1);
      00012B 11 E7 22               306 	ld	de, #0x22e7
      00012E D5                     307 	push	de
      00012F 21 05 01               308 	ld	hl, #0x105
      000132 E5                     309 	push	hl
      000133 CDr00r00               310 	call	_set_bkg_palette_entry
      000136 E8 04                  311 	add	sp, #4
                                    312 ;Parallax.c:99: set_bkg_palette_entry(5,2,TreeBaseTilesCGBPal5c2);
      000138 11 C4 19               313 	ld	de, #0x19c4
      00013B D5                     314 	push	de
      00013C 21 05 02               315 	ld	hl, #0x205
      00013F E5                     316 	push	hl
      000140 CDr00r00               317 	call	_set_bkg_palette_entry
      000143 E8 04                  318 	add	sp, #4
                                    319 ;Parallax.c:100: set_bkg_palette_entry(5,3,TreeBaseTilesCGBPal5c3);
      000145 11 E0 14               320 	ld	de, #0x14e0
      000148 D5                     321 	push	de
      000149 21 05 03               322 	ld	hl, #0x305
      00014C E5                     323 	push	hl
      00014D CDr00r00               324 	call	_set_bkg_palette_entry
      000150 E8 04                  325 	add	sp, #4
                                    326 ;Parallax.c:101: set_bkg_palette_entry(6,0,TreeBaseTilesCGBPal6c0);
      000152 11 BC 17               327 	ld	de, #0x17bc
      000155 D5                     328 	push	de
      000156 21 06 00               329 	ld	hl, #0x06
      000159 E5                     330 	push	hl
      00015A CDr00r00               331 	call	_set_bkg_palette_entry
      00015D E8 04                  332 	add	sp, #4
                                    333 ;Parallax.c:102: set_bkg_palette_entry(6,1,TreeBaseTilesCGBPal6c1);
      00015F 11 E7 22               334 	ld	de, #0x22e7
      000162 D5                     335 	push	de
      000163 21 06 01               336 	ld	hl, #0x106
      000166 E5                     337 	push	hl
      000167 CDr00r00               338 	call	_set_bkg_palette_entry
      00016A E8 04                  339 	add	sp, #4
                                    340 ;Parallax.c:103: set_bkg_palette_entry(6,2,TreeBaseTilesCGBPal6c2);
      00016C 11 C4 19               341 	ld	de, #0x19c4
      00016F D5                     342 	push	de
      000170 21 06 02               343 	ld	hl, #0x206
      000173 E5                     344 	push	hl
      000174 CDr00r00               345 	call	_set_bkg_palette_entry
      000177 E8 04                  346 	add	sp, #4
                                    347 ;Parallax.c:104: set_bkg_palette_entry(6,3,TreeBaseTilesCGBPal6c3);
      000179 11 E0 14               348 	ld	de, #0x14e0
      00017C D5                     349 	push	de
      00017D 21 06 03               350 	ld	hl, #0x306
      000180 E5                     351 	push	hl
      000181 CDr00r00               352 	call	_set_bkg_palette_entry
      000184 E8 04                  353 	add	sp, #4
                                    354 ;Parallax.c:105: set_bkg_data(10,2,TreeBaseTiles);
      000186 11r00r00               355 	ld	de, #_TreeBaseTiles
      000189 D5                     356 	push	de
      00018A 21 0A 02               357 	ld	hl, #0x20a
      00018D E5                     358 	push	hl
      00018E CDr00r00               359 	call	_set_bkg_data
      000191 E8 04                  360 	add	sp, #4
                                    361 ;Parallax.c:106: VBK_REG = 1;
      000193 3E 01                  362 	ld	a, #0x01
      000195 E0r00                  363 	ldh	(_VBK_REG + 0), a
                                    364 ;Parallax.c:107: set_bkg_submap(0,0,32,32,FGMapPLN1,32);
      000197 3E 20                  365 	ld	a, #0x20
      000199 F5                     366 	push	af
      00019A 33                     367 	inc	sp
      00019B 11r00r00               368 	ld	de, #_FGMapPLN1
      00019E D5                     369 	push	de
      00019F 21 20 20               370 	ld	hl, #0x2020
      0001A2 E5                     371 	push	hl
      0001A3 AF                     372 	xor	a, a
      0001A4 0F                     373 	rrca
      0001A5 F5                     374 	push	af
      0001A6 CDr00r00               375 	call	_set_bkg_submap
      0001A9 E8 07                  376 	add	sp, #7
                                    377 ;Parallax.c:108: VBK_REG = 0;
      0001AB 3E 00                  378 	ld	a, #0x00
      0001AD E0r00                  379 	ldh	(_VBK_REG + 0), a
                                    380 ;Parallax.c:109: LYC_REG = 143;
      0001AF 3E 8F                  381 	ld	a, #0x8f
      0001B1 E0r00                  382 	ldh	(_LYC_REG + 0), a
                                    383 ;Parallax.c:120: __endasm;
      0001B3 21rF8r07               384 	ld	hl, #_DMAInit
      0001B6 0E 51                  385 	ld	c, #0x51
      0001B8                        386 	 100$:
      0001B8 2A                     387 	ld	a, (hl+)
      0001B9 E2                     388 	.db	#0xE2;
      0001BA 0C                     389 	inc	c
      0001BB 79                     390 	ld	a, c
      0001BC FE 55                  391 	cp	a, #0x55
      0001BE C2rB8r01               392 	jp	nz, 100$
                                    393 ;Parallax.c:121: memcpy(_RAMBANK + 0x410,ForegroundTiles, 256);
      0001C1 AF                     394 	xor	a, a
      0001C2 3C                     395 	inc	a
      0001C3 F5                     396 	push	af
      0001C4 11r00r00               397 	ld	de, #_ForegroundTiles
      0001C7 D5                     398 	push	de
      0001C8 11r10r04               399 	ld	de, #(__RAMBANK + 1040)
      0001CB D5                     400 	push	de
      0001CC CDr00r00               401 	call	_memcpy
      0001CF E8 06                  402 	add	sp, #6
                                    403 ;Parallax.c:122: while(dynamicMapAddress < 1024)
      0001D1                        404 00107$:
      0001D1 21r1Dr00               405 	ld	hl, #_dynamicMapAddress
      0001D4 2A                     406 	ld	a, (hl+)
      0001D5 4F                     407 	ld	c, a
      0001D6 46                     408 	ld	b, (hl)
      0001D7 78                     409 	ld	a, b
      0001D8 D6 04                  410 	sub	a, #0x04
      0001DA 30 1D                  411 	jr	NC, 00109$
                                    412 ;Parallax.c:124: _RAMBANK[0x740 + dynamicMapAddress] = (FGMap[dynamicMapAddress]) - 1;
      0001DC 21r40r07               413 	ld	hl,#0x0740 + __RAMBANK
      0001DF 09                     414 	add	hl,bc
      0001E0 4D                     415 	ld	c, l
      0001E1 44                     416 	ld	b, h
      0001E2 3Er00                  417 	ld	a, #<(_FGMapPLN0)
      0001E4 21r1Dr00               418 	ld	hl, #_dynamicMapAddress
      0001E7 86                     419 	add	a, (hl)
      0001E8 23                     420 	inc	hl
      0001E9 5F                     421 	ld	e, a
      0001EA 3Es00                  422 	ld	a, #>(_FGMapPLN0)
      0001EC 8E                     423 	adc	a, (hl)
                                    424 ;Parallax.c:125: dynamicMapAddress ++;
      0001ED 2B                     425 	dec	hl
      0001EE 57                     426 	ld	d, a
      0001EF 1A                     427 	ld	a, (de)
      0001F0 3D                     428 	dec	a
      0001F1 02                     429 	ld	(bc), a
      0001F2 34                     430 	inc	(hl)
      0001F3 20 DC                  431 	jr	NZ, 00107$
      0001F5 23                     432 	inc	hl
      0001F6 34                     433 	inc	(hl)
      0001F7 18 D8                  434 	jr	00107$
      0001F9                        435 00109$:
                                    436 ;Parallax.c:127: dynamicMapAddress = 0;
      0001F9 AF                     437 	xor	a, a
      0001FA 21r1Dr00               438 	ld	hl, #_dynamicMapAddress
      0001FD 22                     439 	ld	(hl+), a
      0001FE 77                     440 	ld	(hl), a
                                    441 ;Parallax.c:129: DISPLAY_ON;
      0001FF F0r00                  442 	ldh	a, (_LCDC_REG + 0)
      000201 F6 80                  443 	or	a, #0x80
      000203 E0r00                  444 	ldh	(_LCDC_REG + 0), a
                                    445 ;Parallax.c:130: SHOW_BKG;
      000205 F0r00                  446 	ldh	a, (_LCDC_REG + 0)
      000207 F6 01                  447 	or	a, #0x01
      000209 E0r00                  448 	ldh	(_LCDC_REG + 0), a
                                    449 ;Parallax.c:131: STAT_REG = 0xC5;
      00020B 3E C5                  450 	ld	a, #0xc5
      00020D E0r00                  451 	ldh	(_STAT_REG + 0), a
                                    452 ;Parallax.c:132: SHOW_SPRITES;
      00020F F0r00                  453 	ldh	a, (_LCDC_REG + 0)
      000211 F6 02                  454 	or	a, #0x02
      000213 E0r00                  455 	ldh	(_LCDC_REG + 0), a
                                    456 ;Parallax.c:133: SPRITES_8x16;
      000215 F0r00                  457 	ldh	a, (_LCDC_REG + 0)
      000217 F6 04                  458 	or	a, #0x04
      000219 E0r00                  459 	ldh	(_LCDC_REG + 0), a
                                    460 ;Parallax.c:134: add_VBL(DMA);
      00021B 11r00r00               461 	ld	de, #_DMA
      00021E D5                     462 	push	de
      00021F CDr00r00               463 	call	_add_VBL
      000222 E1                     464 	pop	hl
                                    465 ;Parallax.c:136: set_interrupts(VBL_IFLAG);
      000223 3E 01                  466 	ld	a, #0x01
      000225 F5                     467 	push	af
      000226 33                     468 	inc	sp
      000227 CDr00r00               469 	call	_set_interrupts
                                    470 ;Parallax.c:143: __endasm;
      00022A 31 00 D0               471 	ld	sp,#0xD000
      00022D C3r31r02               472 	jp	232$
      000230 C9                     473 	ret
      000231                        474 	 232$:
                                    475 ;Parallax.c:145: while(1)
      000231                        476 00166$:
                                    477 ;Parallax.c:147: if (timer2 == 1)
      000231 FAr03r00               478 	ld	a, (#_timer2)
      000234 3D                     479 	dec	a
      000235 C2r54r06               480 	jp	NZ,00156$
                                    481 ;Parallax.c:149: joyState = joypad();
      000238 CDr00r00               482 	call	_joypad
      00023B 21r04r00               483 	ld	hl, #_joyState
      00023E 73                     484 	ld	(hl), e
                                    485 ;Parallax.c:150: SCX_REG = scrollX;
      00023F FAr21r00               486 	ld	a, (#_scrollX)
      000242 E0r00                  487 	ldh	(_SCX_REG + 0), a
                                    488 ;Parallax.c:151: SCY_REG = scrollY;
      000244 FAr25r00               489 	ld	a, (#_scrollY)
      000247 E0r00                  490 	ldh	(_SCY_REG + 0), a
                                    491 ;Parallax.c:152: lastSpriteY = spriteY;
      000249 FAr0Cr00               492 	ld	a, (#_spriteY)
      00024C EAr08r00               493 	ld	(#_lastSpriteY),a
      00024F FAr0Dr00               494 	ld	a, (#_spriteY + 1)
      000252 EAr09r00               495 	ld	(#_lastSpriteY + 1),a
                                    496 ;Parallax.c:153: if (joyState & J_RIGHT)
      000255 21r04r00               497 	ld	hl, #_joyState
      000258 4E                     498 	ld	c, (hl)
      000259 CB 41                  499 	bit	0, c
      00025B 28 12                  500 	jr	Z, 00111$
                                    501 ;Parallax.c:156: spriteX += 8;
      00025D 21r0Ar00               502 	ld	hl, #_spriteX
      000260 2A                     503 	ld	a, (hl+)
      000261 5F                     504 	ld	e, a
      000262 56                     505 	ld	d, (hl)
      000263 21 08 00               506 	ld	hl, #0x0008
      000266 19                     507 	add	hl, de
      000267 45                     508 	ld	b, l
      000268 7C                     509 	ld	a, h
      000269 21r0Ar00               510 	ld	hl, #_spriteX
      00026C 70                     511 	ld	(hl), b
      00026D 23                     512 	inc	hl
      00026E 77                     513 	ld	(hl), a
      00026F                        514 00111$:
                                    515 ;Parallax.c:158: if (joyState & J_LEFT)
      00026F CB 49                  516 	bit	1, c
      000271 28 11                  517 	jr	Z, 00113$
                                    518 ;Parallax.c:161: spriteX -= 8;
      000273 21r0Ar00               519 	ld	hl, #_spriteX
      000276 2A                     520 	ld	a, (hl+)
      000277 5F                     521 	ld	e, a
      000278 3A                     522 	ld	a, (hl-)
      000279 57                     523 	ld	d, a
      00027A 7B                     524 	ld	a, e
      00027B C6 F8                  525 	add	a, #0xf8
      00027D 5F                     526 	ld	e, a
      00027E 7A                     527 	ld	a, d
      00027F CE FF                  528 	adc	a, #0xff
      000281 73                     529 	ld	(hl), e
      000282 23                     530 	inc	hl
      000283 77                     531 	ld	(hl), a
      000284                        532 00113$:
                                    533 ;Parallax.c:163: if (joyState & J_UP)
      000284 CB 51                  534 	bit	2, c
      000286 28 11                  535 	jr	Z, 00115$
                                    536 ;Parallax.c:166: spriteY -= 8;
      000288 21r0Cr00               537 	ld	hl, #_spriteY
      00028B 2A                     538 	ld	a, (hl+)
      00028C 5F                     539 	ld	e, a
      00028D 3A                     540 	ld	a, (hl-)
      00028E 57                     541 	ld	d, a
      00028F 7B                     542 	ld	a, e
      000290 C6 F8                  543 	add	a, #0xf8
      000292 5F                     544 	ld	e, a
      000293 7A                     545 	ld	a, d
      000294 CE FF                  546 	adc	a, #0xff
      000296 73                     547 	ld	(hl), e
      000297 23                     548 	inc	hl
      000298 77                     549 	ld	(hl), a
      000299                        550 00115$:
                                    551 ;Parallax.c:168: if (joyState & J_DOWN)
      000299 CB 59                  552 	bit	3, c
      00029B 28 0E                  553 	jr	Z, 00119$
                                    554 ;Parallax.c:171: if (YVelocity < 110)
      00029D 21r1Cr00               555 	ld	hl, #_YVelocity
      0002A0 7E                     556 	ld	a, (hl)
      0002A1 EE 80                  557 	xor	a, #0x80
      0002A3 D6 EE                  558 	sub	a, #0xee
      0002A5 30 04                  559 	jr	NC, 00119$
                                    560 ;Parallax.c:173: YVelocity += 10;
      0002A7 7E                     561 	ld	a, (hl)
      0002A8 C6 0A                  562 	add	a, #0x0a
      0002AA 77                     563 	ld	(hl), a
      0002AB                        564 00119$:
                                    565 ;Parallax.c:176: if (joyState & J_A)
      0002AB CB 61                  566 	bit	4, c
      0002AD 28 12                  567 	jr	Z, 00123$
                                    568 ;Parallax.c:178: if (isAHeld == 0)
      0002AF FAr1Br00               569 	ld	a, (#_isAHeld)
      0002B2 B7                     570 	or	a, a
      0002B3 20 11                  571 	jr	NZ, 00124$
                                    572 ;Parallax.c:180: YVelocity = -30;
      0002B5 21r1Cr00               573 	ld	hl, #_YVelocity
      0002B8 36 E2                  574 	ld	(hl), #0xe2
                                    575 ;Parallax.c:181: isAHeld = 1;
      0002BA 21r1Br00               576 	ld	hl, #_isAHeld
      0002BD 36 01                  577 	ld	(hl), #0x01
      0002BF 18 05                  578 	jr	00124$
      0002C1                        579 00123$:
                                    580 ;Parallax.c:186: isAHeld = 0;
      0002C1 21r1Br00               581 	ld	hl, #_isAHeld
      0002C4 36 00                  582 	ld	(hl), #0x00
      0002C6                        583 00124$:
                                    584 ;Parallax.c:188: if (YVelocity < 110)
      0002C6 21r1Cr00               585 	ld	hl, #_YVelocity
      0002C9 7E                     586 	ld	a, (hl)
      0002CA EE 80                  587 	xor	a, #0x80
      0002CC D6 EE                  588 	sub	a, #0xee
      0002CE 30 01                  589 	jr	NC, 00126$
                                    590 ;Parallax.c:190: YVelocity ++;
      0002D0 34                     591 	inc	(hl)
      0002D1                        592 00126$:
                                    593 ;Parallax.c:192: downshiftedSpriteY = ((spriteY + YVelocity) >> 7);
      0002D1 FAr1Cr00               594 	ld	a, (#_YVelocity)
      0002D4 5F                     595 	ld	e, a
      0002D5 07                     596 	rlca
      0002D6 9F                     597 	sbc	a, a
      0002D7 21r0Cr00               598 	ld	hl, #_spriteY
      0002DA 4E                     599 	ld	c, (hl)
      0002DB 23                     600 	inc	hl
      0002DC 46                     601 	ld	b, (hl)
      0002DD F8 02                  602 	ldhl	sp,	#2
      0002DF 73                     603 	ld	(hl), e
      0002E0 23                     604 	inc	hl
      0002E1 32                     605 	ld	(hl-), a
      0002E2 2A                     606 	ld	a,	(hl+)
      0002E3 66                     607 	ld	h, (hl)
      0002E4 6F                     608 	ld	l, a
      0002E5 09                     609 	add	hl, bc
      0002E6 4D                     610 	ld	c, l
      0002E7 44                     611 	ld	b, h
      0002E8 CB 38                  612 	srl	b
      0002EA CB 19                  613 	rr	c
      0002EC CB 38                  614 	srl	b
      0002EE CB 19                  615 	rr	c
      0002F0 CB 38                  616 	srl	b
      0002F2 CB 19                  617 	rr	c
      0002F4 CB 38                  618 	srl	b
      0002F6 CB 19                  619 	rr	c
      0002F8 CB 38                  620 	srl	b
      0002FA CB 19                  621 	rr	c
      0002FC CB 38                  622 	srl	b
      0002FE CB 19                  623 	rr	c
      000300 CB 38                  624 	srl	b
      000302 CB 19                  625 	rr	c
      000304 21r10r00               626 	ld	hl, #_downshiftedSpriteY
      000307 71                     627 	ld	(hl), c
                                    628 ;Parallax.c:193: downshiftedSpriteX = (spriteX >> 4);
      000308 21r0Ar00               629 	ld	hl, #_spriteX
      00030B 2A                     630 	ld	a, (hl+)
      00030C 4F                     631 	ld	c, a
      00030D 46                     632 	ld	b, (hl)
      00030E CB 38                  633 	srl	b
      000310 CB 19                  634 	rr	c
      000312 CB 38                  635 	srl	b
      000314 CB 19                  636 	rr	c
      000316 CB 38                  637 	srl	b
      000318 CB 19                  638 	rr	c
      00031A CB 38                  639 	srl	b
      00031C CB 19                  640 	rr	c
      00031E 21r0Er00               641 	ld	hl, #_downshiftedSpriteX
      000321 79                     642 	ld	a, c
      000322 22                     643 	ld	(hl+), a
      000323 70                     644 	ld	(hl), b
                                    645 ;Parallax.c:194: getTile = FGMap[((downshiftedSpriteY << 5) + (downshiftedSpriteX >> 3))];
      000324 21r10r00               646 	ld	hl, #_downshiftedSpriteY
      000327 6E                     647 	ld	l, (hl)
                                    648 ;	spillPairReg hl
                                    649 ;	spillPairReg hl
      000328 26 00                  650 	ld	h, #0x00
                                    651 ;	spillPairReg hl
                                    652 ;	spillPairReg hl
      00032A 29                     653 	add	hl, hl
      00032B 29                     654 	add	hl, hl
      00032C 29                     655 	add	hl, hl
      00032D 29                     656 	add	hl, hl
      00032E 29                     657 	add	hl, hl
      00032F 5D                     658 	ld	e, l
      000330 54                     659 	ld	d, h
      000331 FAr0Er00               660 	ld	a, (#_downshiftedSpriteX)
      000334 F8 00                  661 	ldhl	sp,	#0
      000336 77                     662 	ld	(hl), a
      000337 FAr0Fr00               663 	ld	a, (#_downshiftedSpriteX + 1)
      00033A F8 01                  664 	ldhl	sp,	#1
      00033C 77                     665 	ld	(hl), a
      00033D CB 3E                  666 	srl	(hl)
      00033F 2B                     667 	dec	hl
      000340 CB 1E                  668 	rr	(hl)
      000342 23                     669 	inc	hl
      000343 CB 3E                  670 	srl	(hl)
      000345 2B                     671 	dec	hl
      000346 CB 1E                  672 	rr	(hl)
      000348 23                     673 	inc	hl
      000349 CB 3E                  674 	srl	(hl)
      00034B 2B                     675 	dec	hl
      00034C CB 1E                  676 	rr	(hl)
      00034E E1                     677 	pop	hl
      00034F E5                     678 	push	hl
      000350 19                     679 	add	hl, de
      000351 5D                     680 	ld	e, l
      000352 54                     681 	ld	d, h
      000353 21r00r00               682 	ld	hl, #_FGMapPLN0
      000356 19                     683 	add	hl, de
      000357 7E                     684 	ld	a, (hl)
      000358 EAr05r00               685 	ld	(#_getTile),a
                                    686 ;Parallax.c:195: if (getTile >= 78 & getTile < 91 & YVelocity >= 0)
      00035B 21r05r00               687 	ld	hl, #_getTile
      00035E 7E                     688 	ld	a, (hl)
      00035F D6 4E                  689 	sub	a, #0x4e
      000361 3E 00                  690 	ld	a, #0x00
      000363 17                     691 	rla
      000364 EE 01                  692 	xor	a, #0x01
      000366 5F                     693 	ld	e, a
      000367 7E                     694 	ld	a, (hl)
      000368 D6 5B                  695 	sub	a, #0x5b
      00036A 3E 00                  696 	ld	a, #0x00
      00036C 17                     697 	rla
      00036D A3                     698 	and	a, e
      00036E F8 04                  699 	ldhl	sp,	#4
      000370 77                     700 	ld	(hl), a
      000371 FAr1Cr00               701 	ld	a, (#_YVelocity)
      000374 07                     702 	rlca
      000375 E6 01                  703 	and	a,#0x01
      000377 EE 01                  704 	xor	a, #0x01
      000379 F8 04                  705 	ldhl	sp,	#4
      00037B A6                     706 	and	a,(hl)
      00037C 28 69                  707 	jr	Z, 00128$
                                    708 ;Parallax.c:197: spriteY = lastSpriteY;
      00037E FAr08r00               709 	ld	a, (#_lastSpriteY)
      000381 EAr0Cr00               710 	ld	(#_spriteY),a
      000384 FAr09r00               711 	ld	a, (#_lastSpriteY + 1)
      000387 21r0Dr00               712 	ld	hl, #_spriteY + 1
                                    713 ;Parallax.c:198: spriteY = (((spriteY + YVelocity) >> 4) >> 3) << 7;
      00038A 32                     714 	ld	(hl-), a
      00038B 2A                     715 	ld	a, (hl+)
      00038C 5F                     716 	ld	e, a
      00038D 56                     717 	ld	d, (hl)
      00038E F8 02                  718 	ldhl	sp,	#2
      000390 2A                     719 	ld	a,	(hl+)
      000391 66                     720 	ld	h, (hl)
      000392 6F                     721 	ld	l, a
      000393 19                     722 	add	hl, de
      000394 5D                     723 	ld	e, l
      000395 54                     724 	ld	d, h
      000396 CB 3A                  725 	srl	d
      000398 CB 1B                  726 	rr	e
      00039A CB 3A                  727 	srl	d
      00039C CB 1B                  728 	rr	e
      00039E CB 3A                  729 	srl	d
      0003A0 CB 1B                  730 	rr	e
      0003A2 CB 3A                  731 	srl	d
      0003A4 CB 1B                  732 	rr	e
      0003A6 CB 3A                  733 	srl	d
      0003A8 CB 1B                  734 	rr	e
      0003AA CB 3A                  735 	srl	d
      0003AC CB 1B                  736 	rr	e
      0003AE CB 3A                  737 	srl	d
      0003B0 CB 1B                  738 	rr	e
      0003B2 AF                     739 	xor	a, a
      0003B3 CB 1A                  740 	rr	d
      0003B5 CB 1B                  741 	rr	e
      0003B7 1F                     742 	rra
      0003B8 21r0Cr00               743 	ld	hl, #_spriteY
      0003BB 22                     744 	ld	(hl+), a
                                    745 ;Parallax.c:199: downshiftedSpriteY = (spriteY >> 7) - 1;
      0003BC 7B                     746 	ld	a, e
      0003BD 32                     747 	ld	(hl-), a
      0003BE 2A                     748 	ld	a, (hl+)
      0003BF 5F                     749 	ld	e, a
      0003C0 56                     750 	ld	d, (hl)
      0003C1 CB 3A                  751 	srl	d
      0003C3 CB 1B                  752 	rr	e
      0003C5 CB 3A                  753 	srl	d
      0003C7 CB 1B                  754 	rr	e
      0003C9 CB 3A                  755 	srl	d
      0003CB CB 1B                  756 	rr	e
      0003CD CB 3A                  757 	srl	d
      0003CF CB 1B                  758 	rr	e
      0003D1 CB 3A                  759 	srl	d
      0003D3 CB 1B                  760 	rr	e
      0003D5 CB 3A                  761 	srl	d
      0003D7 CB 1B                  762 	rr	e
      0003D9 CB 3A                  763 	srl	d
      0003DB CB 1B                  764 	rr	e
      0003DD 7B                     765 	ld	a, e
      0003DE 3D                     766 	dec	a
      0003DF EAr10r00               767 	ld	(#_downshiftedSpriteY),a
                                    768 ;Parallax.c:200: YVelocity = 0;
      0003E2 21r1Cr00               769 	ld	hl, #_YVelocity
      0003E5 36 00                  770 	ld	(hl), #0x00
      0003E7                        771 00128$:
                                    772 ;Parallax.c:202: spriteY += YVelocity;
      0003E7 FAr1Cr00               773 	ld	a, (#_YVelocity)
      0003EA 5F                     774 	ld	e, a
      0003EB 07                     775 	rlca
      0003EC 9F                     776 	sbc	a, a
      0003ED 57                     777 	ld	d, a
      0003EE 21r0Cr00               778 	ld	hl, #_spriteY
      0003F1 6E                     779 	ld	l, (hl)
                                    780 ;	spillPairReg hl
                                    781 ;	spillPairReg hl
      0003F2 FAr0Dr00               782 	ld	a, (_spriteY + 1)
      0003F5 67                     783 	ld	h, a
                                    784 ;	spillPairReg hl
                                    785 ;	spillPairReg hl
      0003F6 19                     786 	add	hl, de
      0003F7 5D                     787 	ld	e, l
      0003F8 7C                     788 	ld	a, h
      0003F9 21r0Cr00               789 	ld	hl, #_spriteY
      0003FC 73                     790 	ld	(hl), e
      0003FD 23                     791 	inc	hl
      0003FE 77                     792 	ld	(hl), a
                                    793 ;Parallax.c:203: scrollX = (spriteX >> 4) - 80;
      0003FF 79                     794 	ld	a, c
      000400 C6 B0                  795 	add	a, #0xb0
      000402 4F                     796 	ld	c, a
      000403 78                     797 	ld	a, b
      000404 CE FF                  798 	adc	a, #0xff
      000406 21r21r00               799 	ld	hl, #_scrollX
      000409 71                     800 	ld	(hl), c
      00040A 23                     801 	inc	hl
      00040B 77                     802 	ld	(hl), a
                                    803 ;Parallax.c:204: scrollY = (spriteY >> 4) - 72;
      00040C 21r0Cr00               804 	ld	hl, #_spriteY
      00040F 2A                     805 	ld	a, (hl+)
      000410 4F                     806 	ld	c, a
      000411 46                     807 	ld	b, (hl)
      000412 CB 38                  808 	srl	b
      000414 CB 19                  809 	rr	c
      000416 CB 38                  810 	srl	b
      000418 CB 19                  811 	rr	c
      00041A CB 38                  812 	srl	b
      00041C CB 19                  813 	rr	c
      00041E CB 38                  814 	srl	b
      000420 CB 19                  815 	rr	c
      000422 79                     816 	ld	a, c
      000423 C6 B8                  817 	add	a, #0xb8
      000425 4F                     818 	ld	c, a
      000426 78                     819 	ld	a, b
      000427 CE FF                  820 	adc	a, #0xff
      000429 21r25r00               821 	ld	hl, #_scrollY
      00042C 71                     822 	ld	(hl), c
      00042D 23                     823 	inc	hl
      00042E 77                     824 	ld	(hl), a
                                    825 ;Parallax.c:205: if (scrollX > 65405)
      00042F 21r21r00               826 	ld	hl, #_scrollX
      000432 3E 7D                  827 	ld	a, #0x7d
      000434 96                     828 	sub	a, (hl)
      000435 23                     829 	inc	hl
      000436 3E FF                  830 	ld	a, #0xff
      000438 9E                     831 	sbc	a, (hl)
      000439 30 06                  832 	jr	NC, 00130$
                                    833 ;Parallax.c:207: scrollX = 0;
      00043B AF                     834 	xor	a, a
      00043C 21r21r00               835 	ld	hl, #_scrollX
      00043F 22                     836 	ld	(hl+), a
      000440 77                     837 	ld	(hl), a
      000441                        838 00130$:
                                    839 ;Parallax.c:209: if (scrollX > 96 & scrollX <= 65405)
      000441 21r21r00               840 	ld	hl, #_scrollX
      000444 2A                     841 	ld	a, (hl+)
      000445 4F                     842 	ld	c, a
      000446 3A                     843 	ld	a, (hl-)
      000447 47                     844 	ld	b, a
      000448 3E 60                  845 	ld	a, #0x60
      00044A B9                     846 	cp	a, c
      00044B 3E 00                  847 	ld	a, #0x00
      00044D 98                     848 	sbc	a, b
      00044E 3E 00                  849 	ld	a, #0x00
      000450 17                     850 	rla
      000451 4F                     851 	ld	c, a
      000452 3E 7D                  852 	ld	a, #0x7d
      000454 96                     853 	sub	a, (hl)
      000455 23                     854 	inc	hl
      000456 3E FF                  855 	ld	a, #0xff
      000458 9E                     856 	sbc	a, (hl)
      000459 3E 00                  857 	ld	a, #0x00
      00045B 17                     858 	rla
      00045C EE 01                  859 	xor	a, #0x01
      00045E A1                     860 	and	a,c
      00045F 28 08                  861 	jr	Z, 00132$
                                    862 ;Parallax.c:211: scrollX = 96;
      000461 21r21r00               863 	ld	hl, #_scrollX
      000464 3E 60                  864 	ld	a, #0x60
      000466 22                     865 	ld	(hl+), a
      000467 AF                     866 	xor	a, a
      000468 77                     867 	ld	(hl), a
      000469                        868 00132$:
                                    869 ;Parallax.c:213: if (scrollY > 65405)
      000469 21r25r00               870 	ld	hl, #_scrollY
      00046C 3E 7D                  871 	ld	a, #0x7d
      00046E 96                     872 	sub	a, (hl)
      00046F 23                     873 	inc	hl
      000470 3E FF                  874 	ld	a, #0xff
      000472 9E                     875 	sbc	a, (hl)
      000473 30 06                  876 	jr	NC, 00134$
                                    877 ;Parallax.c:215: scrollY = 0;
      000475 AF                     878 	xor	a, a
      000476 21r25r00               879 	ld	hl, #_scrollY
      000479 22                     880 	ld	(hl+), a
      00047A 77                     881 	ld	(hl), a
      00047B                        882 00134$:
                                    883 ;Parallax.c:217: if (scrollY > 95 & scrollY <= 65405)
      00047B 21r25r00               884 	ld	hl, #_scrollY
      00047E 2A                     885 	ld	a, (hl+)
      00047F 4F                     886 	ld	c, a
      000480 3A                     887 	ld	a, (hl-)
      000481 47                     888 	ld	b, a
      000482 3E 5F                  889 	ld	a, #0x5f
      000484 B9                     890 	cp	a, c
      000485 3E 00                  891 	ld	a, #0x00
      000487 98                     892 	sbc	a, b
      000488 3E 00                  893 	ld	a, #0x00
      00048A 17                     894 	rla
      00048B 4F                     895 	ld	c, a
      00048C 3E 7D                  896 	ld	a, #0x7d
      00048E 96                     897 	sub	a, (hl)
      00048F 23                     898 	inc	hl
      000490 3E FF                  899 	ld	a, #0xff
      000492 9E                     900 	sbc	a, (hl)
      000493 3E 00                  901 	ld	a, #0x00
      000495 17                     902 	rla
      000496 EE 01                  903 	xor	a, #0x01
      000498 A1                     904 	and	a,c
      000499 28 08                  905 	jr	Z, 00137$
                                    906 ;Parallax.c:219: scrollY = 95;
      00049B 21r25r00               907 	ld	hl, #_scrollY
      00049E 3E 5F                  908 	ld	a, #0x5f
      0004A0 22                     909 	ld	(hl+), a
      0004A1 AF                     910 	xor	a, a
      0004A2 77                     911 	ld	(hl), a
                                    912 ;Parallax.c:221: while (scrollX >= scrollXCompare)
      0004A3                        913 00137$:
      0004A3 11r21r00               914 	ld	de, #_scrollX
      0004A6 21r23r00               915 	ld	hl, #_scrollXCompare
      0004A9 1A                     916 	ld	a, (de)
      0004AA 13                     917 	inc	de
      0004AB 96                     918 	sub	a, (hl)
      0004AC 23                     919 	inc	hl
      0004AD 1A                     920 	ld	a, (de)
      0004AE 9E                     921 	sbc	a, (hl)
      0004AF 38 21                  922 	jr	C, 00140$
                                    923 ;Parallax.c:223: scrollXCompare += 8;
      0004B1 21r23r00               924 	ld	hl, #_scrollXCompare
      0004B4 2A                     925 	ld	a, (hl+)
      0004B5 46                     926 	ld	b, (hl)
      0004B6 2B                     927 	dec	hl
      0004B7 C6 08                  928 	add	a, #0x08
      0004B9 4F                     929 	ld	c, a
      0004BA 78                     930 	ld	a, b
      0004BB CE 00                  931 	adc	a, #0x00
      0004BD 71                     932 	ld	(hl), c
      0004BE 23                     933 	inc	hl
      0004BF 77                     934 	ld	(hl), a
                                    935 ;Parallax.c:224: dynamicMapAddress ++;
      0004C0 21r1Dr00               936 	ld	hl, #_dynamicMapAddress
      0004C3 34                     937 	inc	(hl)
      0004C4 20 02                  938 	jr	NZ, 00356$
      0004C6 23                     939 	inc	hl
      0004C7 34                     940 	inc	(hl)
      0004C8                        941 00356$:
                                    942 ;Parallax.c:225: dynamicMapAddress2 ++;
      0004C8 21r1Fr00               943 	ld	hl, #_dynamicMapAddress2
      0004CB 34                     944 	inc	(hl)
      0004CC 20 D5                  945 	jr	NZ, 00137$
      0004CE 23                     946 	inc	hl
      0004CF 34                     947 	inc	(hl)
      0004D0 18 D1                  948 	jr	00137$
                                    949 ;Parallax.c:227: while (scrollX < scrollXCompare)
      0004D2                        950 00140$:
      0004D2 11r21r00               951 	ld	de, #_scrollX
      0004D5 21r23r00               952 	ld	hl, #_scrollXCompare
      0004D8 1A                     953 	ld	a, (de)
      0004D9 13                     954 	inc	de
      0004DA 96                     955 	sub	a, (hl)
      0004DB 23                     956 	inc	hl
      0004DC 1A                     957 	ld	a, (de)
      0004DD 9E                     958 	sbc	a, (hl)
      0004DE 30 27                  959 	jr	NC, 00143$
                                    960 ;Parallax.c:229: scrollXCompare -= 8;
      0004E0 21r23r00               961 	ld	hl, #_scrollXCompare
      0004E3 2A                     962 	ld	a, (hl+)
      0004E4 46                     963 	ld	b, (hl)
      0004E5 2B                     964 	dec	hl
      0004E6 C6 F8                  965 	add	a, #0xf8
      0004E8 4F                     966 	ld	c, a
      0004E9 78                     967 	ld	a, b
      0004EA CE FF                  968 	adc	a, #0xff
      0004EC 71                     969 	ld	(hl), c
      0004ED 23                     970 	inc	hl
      0004EE 77                     971 	ld	(hl), a
                                    972 ;Parallax.c:230: dynamicMapAddress --;
      0004EF 21r1Dr00               973 	ld	hl, #_dynamicMapAddress
      0004F2 2A                     974 	ld	a, (hl+)
      0004F3 5F                     975 	ld	e, a
      0004F4 3A                     976 	ld	a, (hl-)
      0004F5 57                     977 	ld	d, a
      0004F6 1B                     978 	dec	de
      0004F7 7B                     979 	ld	a, e
      0004F8 22                     980 	ld	(hl+), a
      0004F9 72                     981 	ld	(hl), d
                                    982 ;Parallax.c:231: dynamicMapAddress2 --;
      0004FA 21r1Fr00               983 	ld	hl, #_dynamicMapAddress2
      0004FD 2A                     984 	ld	a, (hl+)
      0004FE 5F                     985 	ld	e, a
      0004FF 3A                     986 	ld	a, (hl-)
      000500 57                     987 	ld	d, a
      000501 1B                     988 	dec	de
      000502 7B                     989 	ld	a, e
      000503 22                     990 	ld	(hl+), a
      000504 72                     991 	ld	(hl), d
      000505 18 CB                  992 	jr	00140$
                                    993 ;Parallax.c:233: while (scrollY >= scrollYCompare)
      000507                        994 00143$:
      000507 11r25r00               995 	ld	de, #_scrollY
      00050A 21r27r00               996 	ld	hl, #_scrollYCompare
      00050D 1A                     997 	ld	a, (de)
      00050E 13                     998 	inc	de
      00050F 96                     999 	sub	a, (hl)
      000510 23                    1000 	inc	hl
      000511 1A                    1001 	ld	a, (de)
      000512 9E                    1002 	sbc	a, (hl)
      000513 38 2F                 1003 	jr	C, 00146$
                                   1004 ;Parallax.c:235: scrollYCompare += 8;
      000515 21r27r00              1005 	ld	hl, #_scrollYCompare
      000518 2A                    1006 	ld	a, (hl+)
      000519 46                    1007 	ld	b, (hl)
      00051A 2B                    1008 	dec	hl
      00051B C6 08                 1009 	add	a, #0x08
      00051D 4F                    1010 	ld	c, a
      00051E 78                    1011 	ld	a, b
      00051F CE 00                 1012 	adc	a, #0x00
      000521 71                    1013 	ld	(hl), c
      000522 23                    1014 	inc	hl
      000523 77                    1015 	ld	(hl), a
                                   1016 ;Parallax.c:236: dynamicMapAddress += 32;
      000524 21r1Dr00              1017 	ld	hl, #_dynamicMapAddress
      000527 2A                    1018 	ld	a, (hl+)
      000528 46                    1019 	ld	b, (hl)
      000529 2B                    1020 	dec	hl
      00052A C6 20                 1021 	add	a, #0x20
      00052C 4F                    1022 	ld	c, a
      00052D 78                    1023 	ld	a, b
      00052E CE 00                 1024 	adc	a, #0x00
      000530 71                    1025 	ld	(hl), c
      000531 23                    1026 	inc	hl
      000532 77                    1027 	ld	(hl), a
                                   1028 ;Parallax.c:237: dynamicMapAddress2 += 64;
      000533 21r1Fr00              1029 	ld	hl, #_dynamicMapAddress2
      000536 2A                    1030 	ld	a, (hl+)
      000537 46                    1031 	ld	b, (hl)
      000538 2B                    1032 	dec	hl
      000539 C6 40                 1033 	add	a, #0x40
      00053B 4F                    1034 	ld	c, a
      00053C 78                    1035 	ld	a, b
      00053D CE 00                 1036 	adc	a, #0x00
      00053F 71                    1037 	ld	(hl), c
      000540 23                    1038 	inc	hl
      000541 77                    1039 	ld	(hl), a
      000542 18 C3                 1040 	jr	00143$
                                   1041 ;Parallax.c:239: while (scrollY < scrollYCompare)
      000544                       1042 00146$:
      000544 11r25r00              1043 	ld	de, #_scrollY
      000547 21r27r00              1044 	ld	hl, #_scrollYCompare
      00054A 1A                    1045 	ld	a, (de)
      00054B 13                    1046 	inc	de
      00054C 96                    1047 	sub	a, (hl)
      00054D 23                    1048 	inc	hl
      00054E 1A                    1049 	ld	a, (de)
      00054F 9E                    1050 	sbc	a, (hl)
      000550 30 2F                 1051 	jr	NC, 00149$
                                   1052 ;Parallax.c:241: scrollYCompare -= 8;
      000552 21r27r00              1053 	ld	hl, #_scrollYCompare
      000555 2A                    1054 	ld	a, (hl+)
      000556 46                    1055 	ld	b, (hl)
      000557 2B                    1056 	dec	hl
      000558 C6 F8                 1057 	add	a, #0xf8
      00055A 4F                    1058 	ld	c, a
      00055B 78                    1059 	ld	a, b
      00055C CE FF                 1060 	adc	a, #0xff
      00055E 71                    1061 	ld	(hl), c
      00055F 23                    1062 	inc	hl
      000560 77                    1063 	ld	(hl), a
                                   1064 ;Parallax.c:242: dynamicMapAddress -= 32;
      000561 21r1Dr00              1065 	ld	hl, #_dynamicMapAddress
      000564 2A                    1066 	ld	a, (hl+)
      000565 46                    1067 	ld	b, (hl)
      000566 2B                    1068 	dec	hl
      000567 C6 E0                 1069 	add	a, #0xe0
      000569 4F                    1070 	ld	c, a
      00056A 78                    1071 	ld	a, b
      00056B CE FF                 1072 	adc	a, #0xff
      00056D 71                    1073 	ld	(hl), c
      00056E 23                    1074 	inc	hl
      00056F 77                    1075 	ld	(hl), a
                                   1076 ;Parallax.c:243: dynamicMapAddress2 -= 64;
      000570 21r1Fr00              1077 	ld	hl, #_dynamicMapAddress2
      000573 2A                    1078 	ld	a, (hl+)
      000574 46                    1079 	ld	b, (hl)
      000575 2B                    1080 	dec	hl
      000576 C6 C0                 1081 	add	a, #0xc0
      000578 4F                    1082 	ld	c, a
      000579 78                    1083 	ld	a, b
      00057A CE FF                 1084 	adc	a, #0xff
      00057C 71                    1085 	ld	(hl), c
      00057D 23                    1086 	inc	hl
      00057E 77                    1087 	ld	(hl), a
      00057F 18 C3                 1088 	jr	00146$
                                   1089 ;Parallax.c:245: while (scrollY >= scrollYCompare2)
      000581                       1090 00149$:
      000581 11r25r00              1091 	ld	de, #_scrollY
      000584 21r29r00              1092 	ld	hl, #_scrollYCompare2
      000587 1A                    1093 	ld	a, (de)
      000588 13                    1094 	inc	de
      000589 96                    1095 	sub	a, (hl)
      00058A 23                    1096 	inc	hl
      00058B 1A                    1097 	ld	a, (de)
      00058C 9E                    1098 	sbc	a, (hl)
      00058D 38 20                 1099 	jr	C, 00152$
                                   1100 ;Parallax.c:247: scrollYCompare2 += 16;
      00058F 21r29r00              1101 	ld	hl, #_scrollYCompare2
      000592 2A                    1102 	ld	a, (hl+)
      000593 46                    1103 	ld	b, (hl)
      000594 2B                    1104 	dec	hl
      000595 C6 10                 1105 	add	a, #0x10
      000597 4F                    1106 	ld	c, a
      000598 78                    1107 	ld	a, b
      000599 CE 00                 1108 	adc	a, #0x00
      00059B 71                    1109 	ld	(hl), c
      00059C 23                    1110 	inc	hl
      00059D 77                    1111 	ld	(hl), a
                                   1112 ;Parallax.c:248: dynamicMapAddress2 -= 64;
      00059E 21r1Fr00              1113 	ld	hl, #_dynamicMapAddress2
      0005A1 2A                    1114 	ld	a, (hl+)
      0005A2 46                    1115 	ld	b, (hl)
      0005A3 2B                    1116 	dec	hl
      0005A4 C6 C0                 1117 	add	a, #0xc0
      0005A6 4F                    1118 	ld	c, a
      0005A7 78                    1119 	ld	a, b
      0005A8 CE FF                 1120 	adc	a, #0xff
      0005AA 71                    1121 	ld	(hl), c
      0005AB 23                    1122 	inc	hl
      0005AC 77                    1123 	ld	(hl), a
      0005AD 18 D2                 1124 	jr	00149$
                                   1125 ;Parallax.c:250: while (scrollY < scrollYCompare2)
      0005AF                       1126 00152$:
      0005AF 11r25r00              1127 	ld	de, #_scrollY
      0005B2 21r29r00              1128 	ld	hl, #_scrollYCompare2
      0005B5 1A                    1129 	ld	a, (de)
      0005B6 13                    1130 	inc	de
      0005B7 96                    1131 	sub	a, (hl)
      0005B8 23                    1132 	inc	hl
      0005B9 1A                    1133 	ld	a, (de)
      0005BA 9E                    1134 	sbc	a, (hl)
      0005BB 30 20                 1135 	jr	NC, 00154$
                                   1136 ;Parallax.c:252: scrollYCompare2 -= 16;
      0005BD 21r29r00              1137 	ld	hl, #_scrollYCompare2
      0005C0 2A                    1138 	ld	a, (hl+)
      0005C1 46                    1139 	ld	b, (hl)
      0005C2 2B                    1140 	dec	hl
      0005C3 C6 F0                 1141 	add	a, #0xf0
      0005C5 4F                    1142 	ld	c, a
      0005C6 78                    1143 	ld	a, b
      0005C7 CE FF                 1144 	adc	a, #0xff
      0005C9 71                    1145 	ld	(hl), c
      0005CA 23                    1146 	inc	hl
      0005CB 77                    1147 	ld	(hl), a
                                   1148 ;Parallax.c:253: dynamicMapAddress2 += 64;
      0005CC 21r1Fr00              1149 	ld	hl, #_dynamicMapAddress2
      0005CF 2A                    1150 	ld	a, (hl+)
      0005D0 46                    1151 	ld	b, (hl)
      0005D1 2B                    1152 	dec	hl
      0005D2 C6 40                 1153 	add	a, #0x40
      0005D4 4F                    1154 	ld	c, a
      0005D5 78                    1155 	ld	a, b
      0005D6 CE 00                 1156 	adc	a, #0x00
      0005D8 71                    1157 	ld	(hl), c
      0005D9 23                    1158 	inc	hl
      0005DA 77                    1159 	ld	(hl), a
      0005DB 18 D2                 1160 	jr	00152$
      0005DD                       1161 00154$:
                                   1162 ;Parallax.c:255: GraphicsOffset = (scrollY >> 1) << 1;
      0005DD 21r25r00              1163 	ld	hl, #_scrollY
      0005E0 2A                    1164 	ld	a, (hl+)
      0005E1 4F                    1165 	ld	c, a
      0005E2 46                    1166 	ld	b, (hl)
      0005E3 CB 38                 1167 	srl	b
      0005E5 CB 19                 1168 	rr	c
      0005E7 79                    1169 	ld	a, c
      0005E8 87                    1170 	add	a, a
      0005E9 EAr00r00              1171 	ld	(#_GraphicsOffset),a
                                   1172 ;Parallax.c:256: GraphicsOffsetX = ((scrollX >> 1)) & 7;
      0005EC 21r21r00              1173 	ld	hl, #_scrollX
      0005EF 2A                    1174 	ld	a, (hl+)
      0005F0 4F                    1175 	ld	c, a
      0005F1 46                    1176 	ld	b, (hl)
      0005F2 CB 38                 1177 	srl	b
      0005F4 CB 19                 1178 	rr	c
      0005F6 79                    1179 	ld	a, c
      0005F7 E6 07                 1180 	and	a, #0x07
      0005F9 EAr01r00              1181 	ld	(#_GraphicsOffsetX),a
                                   1182 ;Parallax.c:257: memcpy(_RAMBANK,(TreeBaseTiles - (GraphicsOffset & 15) + 32) + (scrollLookupTable[GraphicsOffsetX] << 3), 1040);		//DMA is strictly limited to 16-byte chunks. I get around this by copying to RAM first
      0005FC FAr00r00              1183 	ld	a, (#_GraphicsOffset)
      0005FF E6 0F                 1184 	and	a, #0x0f
      000601 47                    1185 	ld	b, a
      000602 0E 00                 1186 	ld	c, #0x00
      000604 3Er00                 1187 	ld	a, #<(_TreeBaseTiles)
      000606 90                    1188 	sub	a, b
      000607 5F                    1189 	ld	e, a
      000608 3Es00                 1190 	ld	a, #>(_TreeBaseTiles)
      00060A 99                    1191 	sbc	a, c
      00060B 57                    1192 	ld	d, a
      00060C 21 20 00              1193 	ld	hl, #0x0020
      00060F 19                    1194 	add	hl, de
      000610 4D                    1195 	ld	c, l
      000611 44                    1196 	ld	b, h
      000612 21r01r00              1197 	ld	hl, #_GraphicsOffsetX
      000615 6E                    1198 	ld	l, (hl)
                                   1199 ;	spillPairReg hl
                                   1200 ;	spillPairReg hl
      000616 26 00                 1201 	ld	h, #0x00
                                   1202 ;	spillPairReg hl
                                   1203 ;	spillPairReg hl
      000618 29                    1204 	add	hl, hl
      000619 11rFCr07              1205 	ld	de, #_scrollLookupTable
      00061C 19                    1206 	add	hl, de
      00061D 2A                    1207 	ld	a, (hl+)
      00061E 66                    1208 	ld	h, (hl)
                                   1209 ;	spillPairReg hl
      00061F 6F                    1210 	ld	l, a
      000620 29                    1211 	add	hl, hl
      000621 29                    1212 	add	hl, hl
      000622 29                    1213 	add	hl, hl
      000623 09                    1214 	add	hl, bc
      000624 11 10 04              1215 	ld	de, #0x0410
      000627 D5                    1216 	push	de
      000628 E5                    1217 	push	hl
      000629 11r00r00              1218 	ld	de, #__RAMBANK
      00062C D5                    1219 	push	de
      00062D CDr00r00              1220 	call	_memcpy
      000630 E8 06                 1221 	add	sp, #6
                                   1222 ;Parallax.c:258: memcpy(_RAMBANK + 0x710,(TreeBaseTiles - (GraphicsOffset & 15) + 288), 32);
      000632 FAr00r00              1223 	ld	a, (#_GraphicsOffset)
      000635 E6 0F                 1224 	and	a, #0x0f
      000637 47                    1225 	ld	b, a
      000638 0E 00                 1226 	ld	c, #0x00
      00063A 3Er00                 1227 	ld	a, #<(_TreeBaseTiles)
      00063C 90                    1228 	sub	a, b
      00063D 5F                    1229 	ld	e, a
      00063E 3Es00                 1230 	ld	a, #>(_TreeBaseTiles)
      000640 99                    1231 	sbc	a, c
      000641 57                    1232 	ld	d, a
      000642 21 20 01              1233 	ld	hl, #0x0120
      000645 19                    1234 	add	hl, de
      000646 11 20 00              1235 	ld	de, #0x0020
      000649 D5                    1236 	push	de
      00064A E5                    1237 	push	hl
      00064B 11r10r07              1238 	ld	de, #(__RAMBANK + 1808)
      00064E D5                    1239 	push	de
      00064F CDr00r00              1240 	call	_memcpy
      000652 E8 06                 1241 	add	sp, #6
      000654                       1242 00156$:
                                   1243 ;Parallax.c:260: if (timer2 == 0)
      000654 FAr03r00              1244 	ld	a, (#_timer2)
      000657 B7                    1245 	or	a, a
      000658 C2r94r07              1246 	jp	NZ, 00158$
                                   1247 ;Parallax.c:262: tileAddress = 0x4800 + (dynamicMapAddress2 - (dynamicMapAddress2 >> 1));
      00065B 21r1Fr00              1248 	ld	hl, #_dynamicMapAddress2
      00065E 2A                    1249 	ld	a, (hl+)
      00065F 4F                    1250 	ld	c, a
      000660 3A                    1251 	ld	a, (hl-)
      000661 47                    1252 	ld	b, a
      000662 CB 38                 1253 	srl	b
      000664 CB 19                 1254 	rr	c
      000666 2A                    1255 	ld	a, (hl+)
      000667 91                    1256 	sub	a, c
      000668 4F                    1257 	ld	c, a
      000669 7E                    1258 	ld	a, (hl)
      00066A 98                    1259 	sbc	a, b
      00066B 47                    1260 	ld	b, a
      00066C C6 48                 1261 	add	a, #0x48
      00066E 21r15r00              1262 	ld	hl, #_tileAddress
      000671 71                    1263 	ld	(hl), c
      000672 23                    1264 	inc	hl
      000673 77                    1265 	ld	(hl), a
                                   1266 ;Parallax.c:263: tileAddress2 = 0x4000 + dynamicMapAddress;
      000674 21r1Dr00              1267 	ld	hl, #_dynamicMapAddress
      000677 2A                    1268 	ld	a, (hl+)
      000678 4F                    1269 	ld	c, a
      000679 5E                    1270 	ld	e, (hl)
      00067A 7B                    1271 	ld	a, e
      00067B C6 40                 1272 	add	a, #0x40
      00067D 21r17r00              1273 	ld	hl, #_tileAddress2
      000680 71                    1274 	ld	(hl), c
      000681 23                    1275 	inc	hl
      000682 77                    1276 	ld	(hl), a
                                   1277 ;Parallax.c:521: __endasm;
      000683 3E 13                 1278 	ld	a, #19
      000685 EA E0 CF              1279 	ld	(#0xCFE0), a
      000688 21r15r00              1280 	ld	hl, #_tileAddress
      00068B 5E                    1281 	ld	e, (hl)
      00068C 23                    1282 	inc	hl
      00068D 56                    1283 	ld	d, (hl)
      00068E 21r17r00              1284 	ld	hl, #_tileAddress2
      000691 4E                    1285 	ld	c, (hl)
      000692 23                    1286 	inc	hl
      000693 46                    1287 	ld	b, (hl)
      000694 60                    1288 	ld	h, b
      000695 69                    1289 	ld	l, c
      000696 D5                    1290 	push	de
      000697 11 40 97              1291 	ld	de, #0x9740
      00069A 19                    1292 	add	hl, de
      00069B D1                    1293 	pop	de
      00069C                       1294 	 206$:
      00069C 0A                    1295 	ld	a, (bc)
      00069D FE 4D                 1296 	cp	a, #77
      00069F 20 02                 1297 	.db	#0x20, #0x02;
      0006A1 1A                    1298 	ld	a, (de)
      0006A2 77                    1299 	ld	(hl), a
      0006A3 23                    1300 	inc	hl
      0006A4 13                    1301 	inc	de
      0006A5 03                    1302 	inc	bc
      0006A6 0A                    1303 	ld	a, (bc)
      0006A7 FE 4D                 1304 	cp	a, #77
      0006A9 20 02                 1305 	.db	#0x20, #0x02;
      0006AB 1A                    1306 	ld	a, (de)
      0006AC 77                    1307 	ld	(hl), a
      0006AD 23                    1308 	inc	hl
      0006AE 13                    1309 	inc	de
      0006AF 03                    1310 	inc	bc
      0006B0 0A                    1311 	ld	a, (bc)
      0006B1 FE 4D                 1312 	cp	a, #77
      0006B3 20 02                 1313 	.db	#0x20, #0x02;
      0006B5 1A                    1314 	ld	a, (de)
      0006B6 77                    1315 	ld	(hl), a
      0006B7 23                    1316 	inc	hl
      0006B8 13                    1317 	inc	de
      0006B9 03                    1318 	inc	bc
      0006BA 0A                    1319 	ld	a, (bc)
      0006BB FE 4D                 1320 	cp	a, #77
      0006BD 20 02                 1321 	.db	#0x20, #0x02;
      0006BF 1A                    1322 	ld	a, (de)
      0006C0 77                    1323 	ld	(hl), a
      0006C1 23                    1324 	inc	hl
      0006C2 13                    1325 	inc	de
      0006C3 03                    1326 	inc	bc
      0006C4 0A                    1327 	ld	a, (bc)
      0006C5 FE 4D                 1328 	cp	a, #77
      0006C7 20 02                 1329 	.db	#0x20, #0x02;
      0006C9 1A                    1330 	ld	a, (de)
      0006CA 77                    1331 	ld	(hl), a
      0006CB 23                    1332 	inc	hl
      0006CC 13                    1333 	inc	de
      0006CD 03                    1334 	inc	bc
      0006CE 0A                    1335 	ld	a, (bc)
      0006CF FE 4D                 1336 	cp	a, #77
      0006D1 20 02                 1337 	.db	#0x20, #0x02;
      0006D3 1A                    1338 	ld	a, (de)
      0006D4 77                    1339 	ld	(hl), a
      0006D5 23                    1340 	inc	hl
      0006D6 13                    1341 	inc	de
      0006D7 03                    1342 	inc	bc
      0006D8 0A                    1343 	ld	a, (bc)
      0006D9 FE 4D                 1344 	cp	a, #77
      0006DB 20 02                 1345 	.db	#0x20, #0x02;
      0006DD 1A                    1346 	ld	a, (de)
      0006DE 77                    1347 	ld	(hl), a
      0006DF 23                    1348 	inc	hl
      0006E0 13                    1349 	inc	de
      0006E1 03                    1350 	inc	bc
      0006E2 0A                    1351 	ld	a, (bc)
      0006E3 FE 4D                 1352 	cp	a, #77
      0006E5 20 02                 1353 	.db	#0x20, #0x02;
      0006E7 1A                    1354 	ld	a, (de)
      0006E8 77                    1355 	ld	(hl), a
      0006E9 23                    1356 	inc	hl
      0006EA 13                    1357 	inc	de
      0006EB 03                    1358 	inc	bc
      0006EC 0A                    1359 	ld	a, (bc)
      0006ED FE 4D                 1360 	cp	a, #77
      0006EF 20 02                 1361 	.db	#0x20, #0x02;
      0006F1 1A                    1362 	ld	a, (de)
      0006F2 77                    1363 	ld	(hl), a
      0006F3 23                    1364 	inc	hl
      0006F4 13                    1365 	inc	de
      0006F5 03                    1366 	inc	bc
      0006F6 0A                    1367 	ld	a, (bc)
      0006F7 FE 4D                 1368 	cp	a, #77
      0006F9 20 02                 1369 	.db	#0x20, #0x02;
      0006FB 1A                    1370 	ld	a, (de)
      0006FC 77                    1371 	ld	(hl), a
      0006FD 23                    1372 	inc	hl
      0006FE 13                    1373 	inc	de
      0006FF 03                    1374 	inc	bc
      000700 0A                    1375 	ld	a, (bc)
      000701 FE 4D                 1376 	cp	a, #77
      000703 20 02                 1377 	.db	#0x20, #0x02;
      000705 1A                    1378 	ld	a, (de)
      000706 77                    1379 	ld	(hl), a
      000707 23                    1380 	inc	hl
      000708 13                    1381 	inc	de
      000709 03                    1382 	inc	bc
      00070A 0A                    1383 	ld	a, (bc)
      00070B FE 4D                 1384 	cp	a, #77
      00070D 20 02                 1385 	.db	#0x20, #0x02;
      00070F 1A                    1386 	ld	a, (de)
      000710 77                    1387 	ld	(hl), a
      000711 23                    1388 	inc	hl
      000712 13                    1389 	inc	de
      000713 03                    1390 	inc	bc
      000714 0A                    1391 	ld	a, (bc)
      000715 FE 4D                 1392 	cp	a, #77
      000717 20 02                 1393 	.db	#0x20, #0x02;
      000719 1A                    1394 	ld	a, (de)
      00071A 77                    1395 	ld	(hl), a
      00071B 23                    1396 	inc	hl
      00071C 13                    1397 	inc	de
      00071D 03                    1398 	inc	bc
      00071E 0A                    1399 	ld	a, (bc)
      00071F FE 4D                 1400 	cp	a, #77
      000721 20 02                 1401 	.db	#0x20, #0x02;
      000723 1A                    1402 	ld	a, (de)
      000724 77                    1403 	ld	(hl), a
      000725 23                    1404 	inc	hl
      000726 13                    1405 	inc	de
      000727 03                    1406 	inc	bc
      000728 0A                    1407 	ld	a, (bc)
      000729 FE 4D                 1408 	cp	a, #77
      00072B 20 02                 1409 	.db	#0x20, #0x02;
      00072D 1A                    1410 	ld	a, (de)
      00072E 77                    1411 	ld	(hl), a
      00072F 23                    1412 	inc	hl
      000730 13                    1413 	inc	de
      000731 03                    1414 	inc	bc
      000732 0A                    1415 	ld	a, (bc)
      000733 FE 4D                 1416 	cp	a, #77
      000735 20 02                 1417 	.db	#0x20, #0x02;
      000737 1A                    1418 	ld	a, (de)
      000738 77                    1419 	ld	(hl), a
      000739 23                    1420 	inc	hl
      00073A 13                    1421 	inc	de
      00073B 03                    1422 	inc	bc
      00073C 0A                    1423 	ld	a, (bc)
      00073D FE 4D                 1424 	cp	a, #77
      00073F 20 02                 1425 	.db	#0x20, #0x02;
      000741 1A                    1426 	ld	a, (de)
      000742 77                    1427 	ld	(hl), a
      000743 23                    1428 	inc	hl
      000744 13                    1429 	inc	de
      000745 03                    1430 	inc	bc
      000746 0A                    1431 	ld	a, (bc)
      000747 FE 4D                 1432 	cp	a, #77
      000749 20 02                 1433 	.db	#0x20, #0x02;
      00074B 1A                    1434 	ld	a, (de)
      00074C 77                    1435 	ld	(hl), a
      00074D 23                    1436 	inc	hl
      00074E 13                    1437 	inc	de
      00074F 03                    1438 	inc	bc
      000750 0A                    1439 	ld	a, (bc)
      000751 FE 4D                 1440 	cp	a, #77
      000753 20 02                 1441 	.db	#0x20, #0x02;
      000755 1A                    1442 	ld	a, (de)
      000756 77                    1443 	ld	(hl), a
      000757 23                    1444 	inc	hl
      000758 13                    1445 	inc	de
      000759 03                    1446 	inc	bc
      00075A 0A                    1447 	ld	a, (bc)
      00075B FE 4D                 1448 	cp	a, #77
      00075D 20 02                 1449 	.db	#0x20, #0x02;
      00075F 1A                    1450 	ld	a, (de)
      000760 77                    1451 	ld	(hl), a
      000761 23                    1452 	inc	hl
      000762 13                    1453 	inc	de
      000763 03                    1454 	inc	bc
      000764 0A                    1455 	ld	a, (bc)
      000765 FE 4D                 1456 	cp	a, #77
      000767 20 02                 1457 	.db	#0x20, #0x02;
      000769 1A                    1458 	ld	a, (de)
      00076A 77                    1459 	ld	(hl), a
      00076B 23                    1460 	inc	hl
      00076C 13                    1461 	inc	de
      00076D 03                    1462 	inc	bc
      00076E D5                    1463 	push	de
      00076F E5                    1464 	push	hl
      000770 60                    1465 	ld	h, b
      000771 69                    1466 	ld	l, c
      000772 11 0B 00              1467 	ld	de, #11
      000775 19                    1468 	add	hl, de
      000776 44                    1469 	ld	b, h
      000777 4D                    1470 	ld	c, l
      000778 E1                    1471 	pop	hl
      000779 1E 0B                 1472 	ld	e, #11
      00077B 19                    1473 	add	hl, de
      00077C D1                    1474 	pop	de
      00077D 13                    1475 	inc	de
      00077E 13                    1476 	inc	de
      00077F 13                    1477 	inc	de
      000780 13                    1478 	inc	de
      000781 13                    1479 	inc	de
      000782 13                    1480 	inc	de
      000783 13                    1481 	inc	de
      000784 13                    1482 	inc	de
      000785 13                    1483 	inc	de
      000786 13                    1484 	inc	de
      000787 13                    1485 	inc	de
      000788 FA E0 CF              1486 	ld	a, (#0xCFE0)
      00078B FE 00                 1487 	cp	a, #0x00
      00078D 3D                    1488 	dec	a
      00078E EA E0 CF              1489 	ld	(#0xCFE0), a
      000791 C2r9Cr06              1490 	jp	nz, 206$
      000794                       1491 00158$:
                                   1492 ;Parallax.c:523: timer2 ++;
      000794 21r03r00              1493 	ld	hl, #_timer2
      000797 34                    1494 	inc	(hl)
                                   1495 ;Parallax.c:524: if (timer2 == 1)
      000798 7E                    1496 	ld	a, (hl)
      000799 3D                    1497 	dec	a
      00079A 20 42                 1498 	jr	NZ, 00160$
                                   1499 ;Parallax.c:526: move_sprite(0,((spriteX >> 4) - scrollX) + 8,(spriteY >> 4) - scrollY);
      00079C 21r0Cr00              1500 	ld	hl, #_spriteY
      00079F 2A                    1501 	ld	a, (hl+)
      0007A0 4F                    1502 	ld	c, a
      0007A1 46                    1503 	ld	b, (hl)
      0007A2 CB 38                 1504 	srl	b
      0007A4 CB 19                 1505 	rr	c
      0007A6 CB 38                 1506 	srl	b
      0007A8 CB 19                 1507 	rr	c
      0007AA CB 38                 1508 	srl	b
      0007AC CB 19                 1509 	rr	c
      0007AE CB 38                 1510 	srl	b
      0007B0 CB 19                 1511 	rr	c
      0007B2 79                    1512 	ld	a, c
      0007B3 21r25r00              1513 	ld	hl, #_scrollY
      0007B6 4E                    1514 	ld	c, (hl)
      0007B7 91                    1515 	sub	a, c
      0007B8 47                    1516 	ld	b, a
      0007B9 21r0Ar00              1517 	ld	hl, #_spriteX
      0007BC 2A                    1518 	ld	a, (hl+)
      0007BD 4F                    1519 	ld	c, a
      0007BE 5E                    1520 	ld	e, (hl)
      0007BF CB 3B                 1521 	srl	e
      0007C1 CB 19                 1522 	rr	c
      0007C3 CB 3B                 1523 	srl	e
      0007C5 CB 19                 1524 	rr	c
      0007C7 CB 3B                 1525 	srl	e
      0007C9 CB 19                 1526 	rr	c
      0007CB CB 3B                 1527 	srl	e
      0007CD CB 19                 1528 	rr	c
      0007CF 79                    1529 	ld	a, c
      0007D0 21r21r00              1530 	ld	hl, #_scrollX
      0007D3 4E                    1531 	ld	c, (hl)
      0007D4 91                    1532 	sub	a, c
      0007D5 C6 08                 1533 	add	a, #0x08
      0007D7 4F                    1534 	ld	c, a
                                   1535 ;C:/gbdk/include/gb/gb.h:1520: OAM_item_t * itm = &shadow_OAM[nb];
      0007D8 21r00r00              1536 	ld	hl, #_shadow_OAM
                                   1537 ;C:/gbdk/include/gb/gb.h:1521: itm->y=y, itm->x=x;
      0007DB 78                    1538 	ld	a, b
      0007DC 22                    1539 	ld	(hl+), a
      0007DD 71                    1540 	ld	(hl), c
                                   1541 ;Parallax.c:526: move_sprite(0,((spriteX >> 4) - scrollX) + 8,(spriteY >> 4) - scrollY);
      0007DE                       1542 00160$:
                                   1543 ;Parallax.c:528: if (timer2 > 1)
      0007DE 3E 01                 1544 	ld	a, #0x01
      0007E0 21r03r00              1545 	ld	hl, #_timer2
      0007E3 96                    1546 	sub	a, (hl)
      0007E4 30 02                 1547 	jr	NC, 00162$
                                   1548 ;Parallax.c:530: timer2 = 0;
      0007E6 36 00                 1549 	ld	(hl), #0x00
      0007E8                       1550 00162$:
                                   1551 ;Parallax.c:532: if (timer2 == 1)
      0007E8 21r03r00              1552 	ld	hl, #_timer2
      0007EB 7E                    1553 	ld	a, (hl)
      0007EC 3D                    1554 	dec	a
      0007ED C2r31r02              1555 	jp	NZ,00166$
                                   1556 ;Parallax.c:537: __endasm;
      0007F0 76                    1557 	halt
      0007F1 00                    1558 	nop
      0007F2 C3r31r02              1559 	jp	00166$
                                   1560 ;Parallax.c:540: }
      0007F5 E8 05                 1561 	add	sp, #5
      0007F7 C9                    1562 	ret
      0007F8                       1563 _DMAInit:
      0007F8 40                    1564 	.db #0x40	; 64
      0007F9 00                    1565 	.db #0x00	; 0
      0007FA 90                    1566 	.db #0x90	; 144
      0007FB 00                    1567 	.db #0x00	; 0
      0007FC                       1568 _scrollLookupTable:
      0007FC 00 00                 1569 	.dw #0x0000
      0007FE 82 00                 1570 	.dw #0x0082
      000800 04 01                 1571 	.dw #0x0104
      000802 86 01                 1572 	.dw #0x0186
      000804 08 02                 1573 	.dw #0x0208
      000806 8A 02                 1574 	.dw #0x028a
      000808 0C 03                 1575 	.dw #0x030c
      00080A 8E 03                 1576 	.dw #0x038e
                                   1577 	.area _HOME
                                   1578 ;--------------------------------------------------------
                                   1579 ; code
                                   1580 ;--------------------------------------------------------
                                   1581 	.area _CODE
                                   1582 ;Parallax.c:36: void DMA()
                                   1583 ;	---------------------------------
                                   1584 ; Function DMA
                                   1585 ; ---------------------------------
      000000                       1586 _DMA::
                                   1587 ;Parallax.c:51: __endasm;
      000000 21 51 FF              1588 	ld	hl, #0xFF51
      000003 36 D0                 1589 	ld	(hl), #0xD0
      000005 23                    1590 	inc	hl
      000006 36 00                 1591 	ld	(hl), #0x00
      000008 23                    1592 	inc	hl
      000009 36 90                 1593 	ld	(hl), #0x90
      00000B 23                    1594 	inc	hl
      00000C 36 C0                 1595 	ld	(hl), #0xC0
      00000E 23                    1596 	inc	hl
      00000F 36 7F                 1597 	ld	(hl), #127
      000011 36 AF                 1598 	ld	(hl), #175
                                   1599 ;Parallax.c:52: }
      000013 C9                    1600 	ret
                                   1601 	.area _CODE
                                   1602 	.area _INITIALIZER
                                   1603 	.area _CABS (ABS)
